<?xml version="1.0" encoding="UTF-8"?>
<testng-results skipped="0" failed="0" ignored="0" total="1" passed="1">
  <reporter-output>
  </reporter-output>
  <suite name="Default suite" duration-ms="26538" started-at="2022-02-28T09:51:08Z" finished-at="2022-02-28T09:51:35Z">
    <groups>
    </groups>
    <test name="Default test" duration-ms="26538" started-at="2022-02-28T09:51:08Z" finished-at="2022-02-28T09:51:35Z">
      <class name="com.jbk.LoginTest">
        <test-method status="PASS" signature="loginTest()[pri:0, instance:com.jbk.LoginTest@59ec2012]" name="loginTest" duration-ms="26488" started-at="2022-02-28T09:51:08Z" finished-at="2022-02-28T09:51:35Z">
          <reporter-output>
          </reporter-output>
        </test-method> <!-- loginTest -->
      </class> <!-- com.jbk.LoginTest -->
    </test> <!-- Default test -->
  </suite> <!-- Default suite -->
</testng-results>
